[db][Tue Mar 01 06:27:57 2022] [SQLSTATE[42000]: Syntax error or access violation: 1064 You have an error in your SQL syntax; check the manual that corresponds to your MySQL server version for the right syntax to use near '1DELETE FROM genres WHERE id = '22'' at line 1] 
[db][Tue Mar 01 06:28:14 2022] [SQLSTATE[42000]: Syntax error or access violation: 1064 You have an error in your SQL syntax; check the manual that corresponds to your MySQL server version for the right syntax to use near '1DELETE FROM companies WHERE id = '6'' at line 1] 
[db][Tue Mar 01 06:34:12 2022] [SQLSTATE[42000]: Syntax error or access violation: 1064 You have an error in your SQL syntax; check the manual that corresponds to your MySQL server version for the right syntax to use near '1DELETE FROM genres WHERE id = '20'' at line 1] 
[db][Tue Mar 01 06:34:19 2022] [SQLSTATE[42000]: Syntax error or access violation: 1064 You have an error in your SQL syntax; check the manual that corresponds to your MySQL server version for the right syntax to use near '1DELETE FROM genres WHERE id = '20'' at line 1] 
[db][Tue Mar 01 06:34:20 2022] [SQLSTATE[42000]: Syntax error or access violation: 1064 You have an error in your SQL syntax; check the manual that corresponds to your MySQL server version for the right syntax to use near '1DELETE FROM genres WHERE id = '20'' at line 1] 
[db][Tue Mar 01 06:35:58 2022] [SQLSTATE[42000]: Syntax error or access violation: 1064 You have an error in your SQL syntax; check the manual that corresponds to your MySQL server version for the right syntax to use near '1DELETE FROM genres WHERE id = '24'' at line 1] 
[db][Tue Mar 01 06:36:02 2022] [SQLSTATE[42000]: Syntax error or access violation: 1064 You have an error in your SQL syntax; check the manual that corresponds to your MySQL server version for the right syntax to use near '1DELETE FROM genres WHERE id = '24'' at line 1] 
[db][Tue Mar 01 06:36:23 2022] [SQLSTATE[42000]: Syntax error or access violation: 1064 You have an error in your SQL syntax; check the manual that corresponds to your MySQL server version for the right syntax to use near '1DELETE FROM genres WHERE id = '24'' at line 1] 
[db][Tue Mar 01 06:36:51 2022] [SQLSTATE[42000]: Syntax error or access violation: 1064 You have an error in your SQL syntax; check the manual that corresponds to your MySQL server version for the right syntax to use near '1DELETE FROM genres WHERE id = '24'' at line 1] 
[db][Tue Mar 01 06:39:53 2022] [SQLSTATE[42000]: Syntax error or access violation: 1064 You have an error in your SQL syntax; check the manual that corresponds to your MySQL server version for the right syntax to use near '1DELETE FROM genres WHERE id = '15'' at line 1] 
[db][Tue Mar 01 06:39:57 2022] [SQLSTATE[42000]: Syntax error or access violation: 1064 You have an error in your SQL syntax; check the manual that corresponds to your MySQL server version for the right syntax to use near '1DELETE FROM genres WHERE id = '15'' at line 1] 
[db][Wed Mar 02 07:47:21 2022] [SQLSTATE[42S22]: Column not found: 1054 Unknown column 'games.game_id' in 'where clause'] 
[db][Wed Mar 02 07:47:44 2022] [SQLSTATE[42S22]: Column not found: 1054 Unknown column 'games.game_id' in 'where clause'] 
[db][Wed Mar 02 07:48:05 2022] [SQLSTATE[42S22]: Column not found: 1054 Unknown column 'games.game_id' in 'where clause'] 
[db][Wed Mar 02 07:48:22 2022] [SQLSTATE[42S22]: Column not found: 1054 Unknown column 'games.game_id' in 'where clause'] 
[db][Wed Mar 02 07:48:52 2022] [SQLSTATE[42S22]: Column not found: 1054 Unknown column 'games.game_id' in 'where clause'] 
[db][Wed Mar 02 07:51:07 2022] [SQLSTATE[42000]: Syntax error or access violation: 1066 Not unique table/alias: 'taxes_game'] 
[db][Wed Mar 02 07:55:01 2022] [SQLSTATE[42000]: Syntax error or access violation: 1055 Expression #1 of SELECT list is not in GROUP BY clause and contains nonaggregated column 'steam.taxes_game.id' which is not functionally dependent on columns in GROUP BY clause; this is incompatible with sql_mode=only_full_group_by] 
[db][Wed Mar 02 07:55:17 2022] [SQLSTATE[42000]: Syntax error or access violation: 1055 Expression #1 of SELECT list is not in GROUP BY clause and contains nonaggregated column 'steam.taxes_game.id' which is not functionally dependent on columns in GROUP BY clause; this is incompatible with sql_mode=only_full_group_by] 
[db][Wed Mar 02 07:57:10 2022] [SQLSTATE[42000]: Syntax error or access violation: 1055 Expression #1 of SELECT list is not in GROUP BY clause and contains nonaggregated column 'steam.taxes_game.id' which is not functionally dependent on columns in GROUP BY clause; this is incompatible with sql_mode=only_full_group_by] 
[db][Wed Mar 02 07:58:04 2022] [SQLSTATE[42000]: Syntax error or access violation: 1064 You have an error in your SQL syntax; check the manual that corresponds to your MySQL server version for the right syntax to use near 'BY DESC' at line 1] 
[db][Wed Mar 02 07:58:05 2022] [SQLSTATE[42000]: Syntax error or access violation: 1064 You have an error in your SQL syntax; check the manual that corresponds to your MySQL server version for the right syntax to use near 'BY DESC' at line 1] 
[db][Wed Mar 02 07:58:09 2022] [SQLSTATE[42000]: Syntax error or access violation: 1064 You have an error in your SQL syntax; check the manual that corresponds to your MySQL server version for the right syntax to use near 'DESC' at line 1] 
[db][Wed Mar 02 07:58:09 2022] [SQLSTATE[42000]: Syntax error or access violation: 1064 You have an error in your SQL syntax; check the manual that corresponds to your MySQL server version for the right syntax to use near 'DESC' at line 1] 
[db][Wed Mar 02 07:58:15 2022] [SQLSTATE[23000]: Integrity constraint violation: 1052 Column 'id' in order clause is ambiguous] 
[db][Wed Mar 02 07:58:15 2022] [SQLSTATE[23000]: Integrity constraint violation: 1052 Column 'id' in order clause is ambiguous] 
[db][Wed Mar 02 07:58:21 2022] [SQLSTATE[42000]: Syntax error or access violation: 1055 Expression #1 of SELECT list is not in GROUP BY clause and contains nonaggregated column 'steam.taxes_game.id' which is not functionally dependent on columns in GROUP BY clause; this is incompatible with sql_mode=only_full_group_by] 
[db][Wed Mar 02 07:58:24 2022] [SQLSTATE[42000]: Syntax error or access violation: 1055 Expression #1 of SELECT list is not in GROUP BY clause and contains nonaggregated column 'steam.taxes_game.id' which is not functionally dependent on columns in GROUP BY clause; this is incompatible with sql_mode=only_full_group_by] 
[db][Mon Apr 04 04:53:04 2022] [SQLSTATE[42S22]: Column not found: 1054 Unknown column 'sum' in 'field list'] 
[db][Mon Apr 04 04:53:25 2022] [SQLSTATE[42S22]: Column not found: 1054 Unknown column 'sum' in 'field list'] 
[db][Mon Apr 04 05:16:13 2022] [SQLSTATE[42S22]: Column not found: 1054 Unknown column 'type_operation_id' in 'field list'] 
[db][Mon Apr 04 05:18:12 2022] [SQLSTATE[42S22]: Column not found: 1054 Unknown column 'type_operation_id' in 'field list'] 
[db][Mon Apr 04 05:18:29 2022] [SQLSTATE[42S22]: Column not found: 1054 Unknown column 'type_operation_id' in 'field list'] 
[db][Mon Apr 04 05:19:14 2022] [SQLSTATE[42S22]: Column not found: 1054 Unknown column 'type_operation_id' in 'field list'] 
[db][Mon Apr 04 05:22:59 2022] [SQLSTATE[42S22]: Column not found: 1054 Unknown column 'type_operation_id' in 'field list'] 
[db][Mon Apr 04 05:23:22 2022] [SQLSTATE[42S22]: Column not found: 1054 Unknown column 'type_operation_id' in 'field list'] 
[db][Mon Apr 04 05:23:44 2022] [SQLSTATE[42S22]: Column not found: 1054 Unknown column 'type_operation_id' in 'field list'] 
[db][Mon Apr 04 05:24:25 2022] [SQLSTATE[42S22]: Column not found: 1054 Unknown column 'type_operation_id' in 'field list'] 
[db][Mon Apr 04 05:24:47 2022] [SQLSTATE[42S22]: Column not found: 1054 Unknown column 'type_operation_id' in 'field list'] 
[db][Mon Apr 04 05:27:13 2022] [SQLSTATE[42S22]: Column not found: 1054 Unknown column 'type_operation_id' in 'field list'] 
[db][Mon Apr 04 05:29:07 2022] [SQLSTATE[23000]: Integrity constraint violation: 1048 Column 'updated_at' cannot be null] 
[db][Mon Apr 04 05:30:41 2022] [SQLSTATE[23000]: Integrity constraint violation: 1048 Column 'updated_at' cannot be null] 
